<?xml version="1.0" encoding="UTF-8"?>
<!-- Generated by org.testng.reporters.JUnitReportReporter -->
<testsuite hostname="ayushi" failures="0" tests="1" name="liveProject.RegistrationPage_Test" time="7.012" errors="0" timestamp="2020-04-26T01:36:50 IST" skipped="0">
  <testcase classname="liveProject.RegistrationPage_Test" name="Should_Successfully_Register_Using_ValidData" time="7.012"/>
  <system-out/>
</testsuite> <!-- liveProject.RegistrationPage_Test -->
